TN:
SF:src/funkos/collections/funkocollection.ts
FN:13,<instance_members_initializer>
FN:22,funkoCollection
FN:30,getFunkos
FN:38,removeFunko
FN:60,addFunko
FN:91,listFunkos
FN:129,readFunko
FN:172,updateFunko
FNF:8
FNH:8
FNDA:2,<instance_members_initializer>
FNDA:2,funkoCollection
FNDA:1,getFunkos
FNDA:1,removeFunko
FNDA:1,addFunko
FNDA:1,listFunkos
FNDA:1,readFunko
FNDA:2,updateFunko
DA:1,1
DA:2,1
DA:3,1
DA:4,1
DA:5,1
DA:6,1
DA:7,1
DA:8,1
DA:9,1
DA:10,1
DA:11,1
DA:12,1
DA:13,1
DA:14,2
DA:15,2
DA:16,2
DA:17,2
DA:18,2
DA:19,2
DA:20,2
DA:21,2
DA:22,2
DA:23,2
DA:24,2
DA:25,2
DA:26,2
DA:27,2
DA:28,2
DA:29,2
DA:30,2
DA:31,1
DA:32,1
DA:33,2
DA:34,2
DA:35,2
DA:36,2
DA:37,2
DA:38,2
DA:39,1
DA:40,1
DA:41,1
DA:42,1
DA:43,1
DA:44,1
DA:45,1
DA:46,1
DA:47,1
DA:48,1
DA:49,1
DA:50,1
DA:51,1
DA:52,0
DA:53,0
DA:54,1
DA:55,2
DA:56,2
DA:57,2
DA:58,2
DA:59,2
DA:60,2
DA:61,1
DA:62,1
DA:63,1
DA:64,1
DA:65,1
DA:66,1
DA:67,1
DA:68,1
DA:69,1
DA:70,1
DA:71,1
DA:72,1
DA:73,1
DA:74,1
DA:75,1
DA:76,1
DA:77,1
DA:78,1
DA:79,1
DA:80,1
DA:81,1
DA:82,1
DA:83,1
DA:84,0
DA:85,0
DA:86,1
DA:87,2
DA:88,2
DA:89,2
DA:90,2
DA:91,2
DA:92,1
DA:93,1
DA:94,1
DA:95,3
DA:96,3
DA:97,3
DA:98,3
DA:99,3
DA:100,3
DA:101,3
DA:102,3
DA:103,3
DA:104,2
DA:105,3
DA:106,1
DA:107,1
DA:108,3
DA:109,3
DA:110,3
DA:111,1
DA:112,3
DA:113,2
DA:114,2
DA:115,0
DA:116,0
DA:117,0
DA:118,0
DA:119,1
DA:120,1
DA:121,1
DA:122,1
DA:123,1
DA:124,2
DA:125,2
DA:126,2
DA:127,2
DA:128,2
DA:129,2
DA:130,1
DA:131,1
DA:132,1
DA:133,1
DA:134,1
DA:135,1
DA:136,1
DA:137,1
DA:138,1
DA:139,1
DA:140,1
DA:141,1
DA:142,1
DA:143,1
DA:144,1
DA:145,0
DA:146,0
DA:147,1
DA:148,1
DA:149,1
DA:150,0
DA:151,1
DA:152,1
DA:153,1
DA:154,0
DA:155,0
DA:156,0
DA:157,0
DA:158,1
DA:159,1
DA:160,1
DA:161,1
DA:162,0
DA:163,0
DA:164,0
DA:165,0
DA:166,1
DA:167,2
DA:168,2
DA:169,2
DA:170,2
DA:171,2
DA:172,2
DA:173,2
DA:174,2
DA:175,2
DA:176,2
DA:177,2
DA:178,2
DA:179,2
DA:180,2
DA:181,2
DA:182,2
DA:183,2
DA:184,2
DA:185,2
DA:186,2
DA:187,2
DA:188,2
DA:189,2
DA:190,2
DA:191,2
DA:192,2
DA:193,2
DA:194,2
DA:195,2
DA:196,2
DA:197,2
DA:198,2
DA:199,2
DA:200,0
DA:201,0
DA:202,0
DA:203,0
DA:204,0
DA:205,0
DA:206,2
DA:207,2
LF:207
LH:182
BRDA:13,0,0,2
BRDA:22,1,0,2
BRDA:30,2,0,1
BRDA:38,3,0,1
BRDA:51,4,0,0
BRDA:41,5,0,4
BRDA:44,6,0,4
BRDA:60,7,0,1
BRDA:83,8,0,0
BRDA:64,9,0,3
BRDA:91,10,0,1
BRDA:94,11,0,3
BRDA:103,12,0,2
BRDA:105,13,0,1
BRDA:110,14,0,1
BRDA:112,15,0,2
BRDA:114,16,0,0
BRDA:129,17,0,1
BRDA:144,18,0,0
BRDA:149,19,0,0
BRDA:153,20,0,0
BRDA:161,21,0,0
BRDA:132,22,0,1
BRDA:172,23,0,2
BRDA:199,24,0,0
BRDA:176,25,0,6
BRDA:191,26,0,6
BRF:27
BRH:19
end_of_record
TN:
SF:src/funkos/types/funko.ts
FN:17,<instance_members_initializer>
FN:42,funko
FN:70,getId
FN:77,getName
FN:84,getDescription
FN:91,getType
FN:98,getGenre
FN:105,getFranchise
FN:112,getNumber
FN:119,getExclusive
FN:126,getSpecialFeatures
FN:133,getMarketValue
FNF:12
FNH:12
FNDA:4,<instance_members_initializer>
FNDA:4,funko
FNDA:11,getId
FNDA:4,getName
FNDA:4,getDescription
FNDA:4,getType
FNDA:4,getGenre
FNDA:4,getFranchise
FNDA:4,getNumber
FNDA:4,getExclusive
FNDA:4,getSpecialFeatures
FNDA:4,getMarketValue
DA:1,1
DA:2,1
DA:3,1
DA:4,1
DA:5,1
DA:6,1
DA:7,1
DA:8,1
DA:9,1
DA:10,1
DA:11,1
DA:12,1
DA:13,1
DA:14,1
DA:15,1
DA:16,1
DA:17,1
DA:18,4
DA:19,4
DA:20,4
DA:21,4
DA:22,4
DA:23,4
DA:24,4
DA:25,4
DA:26,4
DA:27,4
DA:28,4
DA:29,4
DA:30,4
DA:31,4
DA:32,4
DA:33,4
DA:34,4
DA:35,4
DA:36,4
DA:37,4
DA:38,4
DA:39,4
DA:40,4
DA:41,4
DA:42,4
DA:43,4
DA:44,4
DA:45,4
DA:46,4
DA:47,4
DA:48,4
DA:49,4
DA:50,4
DA:51,4
DA:52,4
DA:53,4
DA:54,4
DA:55,4
DA:56,4
DA:57,4
DA:58,4
DA:59,4
DA:60,4
DA:61,4
DA:62,4
DA:63,4
DA:64,4
DA:65,4
DA:66,4
DA:67,4
DA:68,4
DA:69,4
DA:70,4
DA:71,11
DA:72,11
DA:73,4
DA:74,4
DA:75,4
DA:76,4
DA:77,4
DA:78,4
DA:79,4
DA:80,4
DA:81,4
DA:82,4
DA:83,4
DA:84,4
DA:85,4
DA:86,4
DA:87,4
DA:88,4
DA:89,4
DA:90,4
DA:91,4
DA:92,4
DA:93,4
DA:94,4
DA:95,4
DA:96,4
DA:97,4
DA:98,4
DA:99,4
DA:100,4
DA:101,4
DA:102,4
DA:103,4
DA:104,4
DA:105,4
DA:106,4
DA:107,4
DA:108,4
DA:109,4
DA:110,4
DA:111,4
DA:112,4
DA:113,4
DA:114,4
DA:115,4
DA:116,4
DA:117,4
DA:118,4
DA:119,4
DA:120,4
DA:121,4
DA:122,4
DA:123,4
DA:124,4
DA:125,4
DA:126,4
DA:127,4
DA:128,4
DA:129,4
DA:130,4
DA:131,4
DA:132,4
DA:133,4
DA:134,4
DA:135,4
DA:136,4
LF:136
LH:136
BRDA:17,0,0,4
BRDA:42,1,0,4
BRDA:70,2,0,11
BRDA:77,3,0,4
BRDA:84,4,0,4
BRDA:91,5,0,4
BRDA:98,6,0,4
BRDA:105,7,0,4
BRDA:112,8,0,4
BRDA:119,9,0,4
BRDA:126,10,0,4
BRDA:133,11,0,4
BRF:12
BRH:12
end_of_record
TN:
SF:src/funkos/types/genre.ts
FNF:0
FNH:0
DA:1,1
DA:2,1
DA:3,1
DA:4,1
DA:5,1
DA:6,1
DA:7,1
DA:8,1
DA:9,1
DA:10,1
DA:11,1
DA:12,1
DA:13,1
LF:13
LH:13
BRDA:5,0,0,1
BRF:1
BRH:1
end_of_record
TN:
SF:src/funkos/types/type.ts
FNF:0
FNH:0
DA:1,1
DA:2,1
DA:3,1
DA:4,1
DA:5,1
DA:6,1
DA:7,1
DA:8,1
DA:9,1
DA:10,1
DA:11,1
LF:11
LH:11
BRDA:5,0,0,1
BRF:1
BRH:1
end_of_record
TN:
SF:src/funkos/types/usuario.ts
FN:8,<instance_members_initializer>
FN:15,usuario
FN:23,getName
FN:30,getFunkoCollection
FNF:4
FNH:4
FNDA:1,<instance_members_initializer>
FNDA:1,usuario
FNDA:1,getName
FNDA:1,getFunkoCollection
DA:1,1
DA:2,1
DA:3,1
DA:4,1
DA:5,1
DA:6,1
DA:7,1
DA:8,1
DA:9,1
DA:10,1
DA:11,1
DA:12,1
DA:13,1
DA:14,1
DA:15,1
DA:16,1
DA:17,1
DA:18,1
DA:19,1
DA:20,1
DA:21,1
DA:22,1
DA:23,1
DA:24,1
DA:25,1
DA:26,1
DA:27,1
DA:28,1
DA:29,1
DA:30,1
DA:31,1
DA:32,1
DA:33,1
LF:33
LH:33
BRDA:8,0,0,1
BRDA:15,1,0,1
BRDA:23,2,0,1
BRDA:30,3,0,1
BRF:4
BRH:4
end_of_record
TN:
SF:src/pe/MapReduce.ts
FN:7,reduce
FN:20,reduce
FN:33,reduce
FN:46,reduce
FNF:4
FNH:4
FNDA:1,reduce
FNDA:1,reduce
FNDA:1,reduce
FNDA:1,reduce
DA:1,1
DA:2,1
DA:3,1
DA:4,1
DA:5,1
DA:6,1
DA:7,1
DA:8,1
DA:9,1
DA:10,5
DA:11,1
DA:12,1
DA:13,1
DA:14,1
DA:15,1
DA:16,1
DA:17,1
DA:18,1
DA:19,1
DA:20,1
DA:21,1
DA:22,1
DA:23,5
DA:24,1
DA:25,1
DA:26,1
DA:27,1
DA:28,1
DA:29,1
DA:30,1
DA:31,1
DA:32,1
DA:33,1
DA:34,1
DA:35,1
DA:36,5
DA:37,1
DA:38,1
DA:39,1
DA:40,1
DA:41,1
DA:42,1
DA:43,1
DA:44,1
DA:45,1
DA:46,1
DA:47,1
DA:48,1
DA:49,5
DA:50,1
DA:51,1
DA:52,1
DA:53,1
LF:53
LH:53
BRDA:7,0,0,1
BRDA:9,1,0,5
BRDA:20,2,0,1
BRDA:22,3,0,5
BRDA:33,4,0,1
BRDA:35,5,0,5
BRDA:46,6,0,1
BRDA:48,7,0,5
BRF:8
BRH:8
end_of_record
TN:
SF:src/pe/abstract/MapReduceTemplate.ts
FN:11,map
FN:32,execute
FN:40,beforeMap
FN:43,afterMap
FN:46,beforeReduce
FN:49,afterReduce
FNF:6
FNH:2
FNDA:4,map
FNDA:4,execute
FNDA:0,beforeMap
FNDA:0,afterMap
FNDA:0,beforeReduce
FNDA:0,afterReduce
DA:1,1
DA:2,1
DA:3,1
DA:4,1
DA:5,1
DA:6,1
DA:7,1
DA:8,1
DA:9,1
DA:10,1
DA:11,1
DA:12,4
DA:13,4
DA:14,20
DA:15,4
DA:16,4
DA:17,4
DA:18,1
DA:19,1
DA:20,1
DA:21,1
DA:22,1
DA:23,1
DA:24,1
DA:25,1
DA:26,1
DA:27,1
DA:28,1
DA:29,1
DA:30,1
DA:31,1
DA:32,1
DA:33,4
DA:34,4
DA:35,4
DA:36,4
DA:37,1
DA:38,1
DA:39,1
DA:40,1
DA:41,1
DA:42,1
DA:43,1
DA:44,1
DA:45,1
DA:46,1
DA:47,1
DA:48,1
DA:49,1
DA:50,1
LF:50
LH:50
BRDA:11,0,0,4
BRDA:13,1,0,20
BRDA:32,2,0,4
BRF:3
BRH:3
end_of_record
